2026-05-20 22:56:38,213 : INFO : Payment option selected successfully
2026-05-20 22:56:45,036 : INFO : Opening IXIGO Website
2026-05-20 22:56:53,273 : INFO : Popup not present
2026-05-20 22:56:53,880 : INFO : Screenshot saved at: reports/screenshots/homepage_20260520_225653.png
2026-05-20 22:56:54,171 : INFO : Login button clicked
2026-05-20 22:56:54,172 : INFO : Login button clicked
2026-05-20 22:56:55,095 : INFO : Mobile number entered
2026-05-20 22:56:55,606 : INFO : Continue button clicked
2026-05-20 22:57:10,838 : INFO : Screenshot saved at: reports/screenshots/login_success_20260520_225710.png
2026-05-20 22:57:14,334 : INFO : Hotels menu clicked
2026-05-20 22:57:14,895 : INFO : Screenshot saved at: reports/screenshots/hotels_page_20260520_225714.png
2026-05-20 22:57:16,848 : INFO : Jaipur destination selected
2026-05-20 22:57:17,494 : INFO : Checkin selected
2026-05-20 22:57:18,049 : INFO : Checkin date selected
2026-05-20 22:57:18,663 : INFO : Checkout date selected
2026-05-20 22:57:19,116 : INFO : Rooms and guests selected
2026-05-20 22:57:19,750 : INFO : Search button clicked
2026-05-20 22:57:20,482 : INFO : Screenshot saved at: reports/screenshots/search_results_20260520_225719.png
2026-05-20 22:57:22,730 : INFO : Hotel popup closed successfully
2026-05-20 22:57:26,206 : INFO : Free breakfast filter selected
2026-05-20 22:57:26,643 : INFO : Screenshot saved at: reports/screenshots/filters_applied_20260520_225726.png
2026-05-20 22:57:37,256 : INFO : Book now button clicked
2026-05-20 22:57:37,279 : INFO : Switched to booking window
2026-05-20 22:57:38,780 : INFO : Screenshot saved at: reports/screenshots/booking_page_20260520_225737.png
2026-05-20 22:57:41,329 : INFO : Reserve room button clicked
2026-05-20 22:57:46,338 : INFO : Guest details entered successfully
2026-05-20 22:57:46,732 : INFO : Screenshot saved at: reports/screenshots/guest_details_20260520_225746.png
2026-05-20 22:57:47,541 : INFO : Pay now button clicked
2026-05-20 22:57:54,010 : INFO : Card number entered
2026-05-20 22:57:54,342 : INFO : Expiry date entered
2026-05-20 22:57:54,610 : INFO : CVV entered
2026-05-20 22:57:54,899 : INFO : Screenshot saved at: reports/screenshots/payment_page_20260520_225754.png
2026-05-20 22:57:54,911 : INFO : Booking completed successfully
