2026-05-20 13:26:36,011 : INFO : Payment option selected successfully
2026-05-20 13:26:40,593 : INFO : Opening IXIGO Website
2026-05-20 13:26:48,745 : INFO : Popup not present
2026-05-20 13:26:49,414 : INFO : Screenshot saved at: reports/screenshots/homepage_20260520_132649.png
2026-05-20 13:26:49,967 : INFO : Login button clicked
2026-05-20 13:26:49,969 : INFO : Login button clicked
2026-05-20 13:26:51,288 : INFO : Mobile number entered
2026-05-20 13:26:51,954 : INFO : Continue button clicked
2026-05-20 13:27:07,105 : INFO : Screenshot saved at: reports/screenshots/login_success_20260520_132706.png
2026-05-20 13:27:08,030 : INFO : Hotels menu clicked
2026-05-20 13:27:08,458 : INFO : Screenshot saved at: reports/screenshots/hotels_page_20260520_132708.png
2026-05-20 13:27:11,039 : INFO : Jaipur destination selected
2026-05-20 13:27:13,110 : INFO : Checkin selected
2026-05-20 13:27:13,888 : INFO : Checkin date selected
2026-05-20 13:27:14,893 : INFO : Checkout date selected
2026-05-20 13:27:15,524 : INFO : Rooms and guests selected
2026-05-20 13:27:16,158 : INFO : Search button clicked
2026-05-20 13:27:17,119 : INFO : Screenshot saved at: reports/screenshots/search_results_20260520_132716.png
2026-05-20 13:27:19,354 : INFO : Hotel popup closed successfully
2026-05-20 13:27:22,797 : INFO : Free breakfast filter selected
2026-05-20 13:27:23,240 : INFO : Screenshot saved at: reports/screenshots/filters_applied_20260520_132722.png
2026-05-20 13:27:24,378 : INFO : Book now button clicked
2026-05-20 13:27:24,477 : INFO : Switched to booking window
2026-05-20 13:27:26,097 : INFO : Screenshot saved at: reports/screenshots/booking_page_20260520_132724.png
2026-05-20 13:27:28,661 : INFO : Reserve room button clicked
2026-05-20 13:27:30,597 : INFO : Guest details entered successfully
2026-05-20 13:27:30,848 : INFO : Screenshot saved at: reports/screenshots/guest_details_20260520_132730.png
2026-05-20 13:27:31,138 : INFO : Pay now button clicked
2026-05-20 13:27:34,693 : INFO : Card number entered
2026-05-20 13:27:34,943 : INFO : Expiry date entered
2026-05-20 13:27:35,150 : INFO : CVV entered
2026-05-20 13:27:35,393 : INFO : Screenshot saved at: reports/screenshots/payment_page_20260520_132735.png
2026-05-20 13:27:35,399 : INFO : Booking completed successfully
