2026-05-22 19:10:18,511 : INFO : ========================================
2026-05-22 19:10:18,512 : INFO : STARTING SCENARIO: Search hotels for destination from test data
2026-05-22 19:10:18,512 : INFO : Config fetched: browser=edge
2026-05-22 19:10:19,674 : INFO : Config fetched: base_url=https://www.ixigo.com/
2026-05-22 19:10:23,465 : INFO : Browser opened and Ixigo URL loaded
2026-05-22 19:10:33,514 : INFO : Popup not present
2026-05-22 19:10:33,869 : INFO : Ixigo application launched
2026-05-22 19:10:33,875 : INFO : Waiting for element clickable: ('xpath', '/html/body/main/div[1]/div/div[2]/div[2]/div/div/button')
2026-05-22 19:10:34,276 : INFO : Login button clicked
2026-05-22 19:10:34,278 : INFO : Waiting for element clickable: ('xpath', "//input[@placeholder='Enter Mobile Number']")
2026-05-22 19:10:35,387 : INFO : Mobile number entered
2026-05-22 19:10:35,391 : INFO : Waiting for element clickable: ('xpath', "//button[contains(text(),'Continue')]")
2026-05-22 19:10:35,728 : INFO : Continue button clicked
2026-05-22 19:10:35,728 : INFO : Mobile submitted; waiting for OTP screen
2026-05-22 19:10:35,734 : INFO : Waiting up to 20 seconds for manual OTP entry
2026-05-22 19:11:17,783 : INFO : OTP accepted and login overlay closed
2026-05-22 19:11:17,948 : INFO : Screenshot saved at: reports/screenshots/manual_otp_entry_20260522_191117.png
2026-05-22 19:11:18,159 : INFO : Screenshot saved at: reports/screenshots/login_after_manual_otp_20260522_191117.png
2026-05-22 19:11:18,168 : INFO : Waiting for element clickable: ('xpath', "(//a[contains(@href,'hotels')])[2]")
2026-05-22 19:11:19,424 : INFO : Hotels menu clicked
2026-05-22 19:11:19,660 : INFO : Screenshot saved at: reports/screenshots/hotels_page_20260522_191119.png
2026-05-22 19:11:19,669 : INFO : Waiting for element clickable: ('xpath', "//input[@data-testid='location-input-web']")
2026-05-22 19:11:20,157 : INFO : Waiting for element clickable: ('xpath', "(//div[@role='button'])[1]")
2026-05-22 19:11:20,994 : INFO : Jaipur destination selected
2026-05-22 19:11:20,995 : INFO : Waiting for element clickable: ('xpath', "//input[@data-testid='checkin-input']")
2026-05-22 19:11:21,465 : INFO : Check-in field selected
2026-05-22 19:11:21,466 : INFO : Waiting for element clickable: ('xpath', "//button[.//abbr[@aria-label='June 16, 2026']]")
2026-05-22 19:11:21,807 : INFO : Check-in date selected
2026-05-22 19:11:21,808 : INFO : Waiting for element clickable: ('xpath', "//button[.//abbr[@aria-label='June 18, 2026']]")
2026-05-22 19:11:22,186 : INFO : Checkout date selected
2026-05-22 19:11:22,187 : INFO : Waiting for element clickable: ('xpath', "//input[@placeholder='Rooms & Guests']")
2026-05-22 19:11:22,546 : INFO : Rooms and guests selected
2026-05-22 19:11:22,547 : INFO : Waiting for element clickable: ('xpath', "//button[@data-testid='search-hotels']")
2026-05-22 19:11:22,875 : INFO : Search button clicked
2026-05-22 19:11:23,714 : INFO : Screenshot saved at: reports/screenshots/hotel_search_20260522_191122.png
2026-05-22 19:11:23,726 : INFO : Waiting for URL to contain: hotels
2026-05-22 19:11:24,209 : INFO : Screenshot saved at: reports/screenshots/search_results_20260522_191123.png
2026-05-22 19:11:24,215 : INFO : Scenario status: Status.passed
2026-05-22 19:11:24,217 : INFO : Scenario passed: Search hotels for destination from test data
2026-05-22 19:11:27,133 : INFO : Browser closed successfully
2026-05-22 19:11:27,133 : INFO : ========================================
2026-05-22 19:11:27,136 : INFO : Log attached to Allure report: logs/scenarios/Search_hotels_for_destination_from_test_data_20260522_191018.log
2026-05-22 19:11:27,144 : INFO : ========================================
2026-05-22 19:11:27,148 : INFO : STARTING SCENARIO: Apply Free Breakfast filter on hotel results
2026-05-22 19:11:27,148 : INFO : Config fetched: browser=edge
2026-05-22 19:11:28,412 : INFO : Config fetched: base_url=https://www.ixigo.com/
2026-05-22 19:11:33,060 : INFO : Browser opened and Ixigo URL loaded
2026-05-22 19:11:43,178 : INFO : Popup not present
2026-05-22 19:11:43,529 : INFO : Ixigo application launched
2026-05-22 19:11:43,532 : INFO : Waiting for element clickable: ('xpath', '/html/body/main/div[1]/div/div[2]/div[2]/div/div/button')
2026-05-22 19:11:43,872 : INFO : Login button clicked
2026-05-22 19:11:43,873 : INFO : Waiting for element clickable: ('xpath', "//input[@placeholder='Enter Mobile Number']")
2026-05-22 19:11:44,694 : INFO : Mobile number entered
2026-05-22 19:11:44,695 : INFO : Waiting for element clickable: ('xpath', "//button[contains(text(),'Continue')]")
2026-05-22 19:11:44,960 : INFO : Continue button clicked
2026-05-22 19:11:44,961 : INFO : Mobile submitted; waiting for OTP screen
2026-05-22 19:11:44,964 : INFO : Waiting up to 20 seconds for manual OTP entry
2026-05-22 19:12:15,807 : INFO : OTP accepted and login overlay closed
2026-05-22 19:12:15,957 : INFO : Screenshot saved at: reports/screenshots/manual_otp_entry_20260522_191215.png
2026-05-22 19:12:16,160 : INFO : Screenshot saved at: reports/screenshots/login_after_manual_otp_20260522_191215.png
2026-05-22 19:12:16,168 : INFO : Waiting for element clickable: ('xpath', "(//a[contains(@href,'hotels')])[2]")
2026-05-22 19:12:17,048 : INFO : Hotels menu clicked
2026-05-22 19:12:17,361 : INFO : Screenshot saved at: reports/screenshots/hotels_page_20260522_191217.png
2026-05-22 19:12:17,369 : INFO : Waiting for element clickable: ('xpath', "//input[@data-testid='location-input-web']")
2026-05-22 19:12:17,806 : INFO : Waiting for element clickable: ('xpath', "(//div[@role='button'])[1]")
2026-05-22 19:12:18,610 : INFO : Jaipur destination selected
2026-05-22 19:12:18,610 : INFO : Waiting for element clickable: ('xpath', "//input[@data-testid='checkin-input']")
2026-05-22 19:12:18,921 : INFO : Check-in field selected
2026-05-22 19:12:18,922 : INFO : Waiting for element clickable: ('xpath', "//button[.//abbr[@aria-label='June 16, 2026']]")
2026-05-22 19:12:19,314 : INFO : Check-in date selected
2026-05-22 19:12:19,314 : INFO : Waiting for element clickable: ('xpath', "//button[.//abbr[@aria-label='June 18, 2026']]")
2026-05-22 19:12:19,641 : INFO : Checkout date selected
2026-05-22 19:12:19,642 : INFO : Waiting for element clickable: ('xpath', "//input[@placeholder='Rooms & Guests']")
2026-05-22 19:12:19,941 : INFO : Rooms and guests selected
2026-05-22 19:12:19,942 : INFO : Waiting for element clickable: ('xpath', "//button[@data-testid='search-hotels']")
2026-05-22 19:12:20,199 : INFO : Search button clicked
2026-05-22 19:12:20,660 : INFO : Screenshot saved at: reports/screenshots/hotel_search_20260522_191220.png
2026-05-22 19:12:20,692 : INFO : Waiting for element clickable: ('xpath', "//div[@data-testid='bpg-home-modal-close']")
2026-05-22 19:12:23,761 : INFO : Hotel popup closed successfully
2026-05-22 19:12:23,800 : INFO : Waiting for element clickable: ('xpath', "//p[text()='Free Breakfast']/ancestor::div[@role='listitem']")
2026-05-22 19:12:24,107 : INFO : Free breakfast filter selected
2026-05-22 19:12:24,297 : INFO : Screenshot saved at: reports/screenshots/free_breakfast_filter_20260522_191224.png
2026-05-22 19:12:24,603 : INFO : Screenshot saved at: reports/screenshots/filters_applied_20260522_191224.png
2026-05-22 19:12:24,608 : INFO : Scenario status: Status.passed
2026-05-22 19:12:24,609 : INFO : Scenario passed: Apply Free Breakfast filter on hotel results
2026-05-22 19:12:27,517 : INFO : Browser closed successfully
2026-05-22 19:12:27,517 : INFO : ========================================
2026-05-22 19:12:27,522 : INFO : Log attached to Allure report: logs/scenarios/Apply_Free_Breakfast_filter_on_hotel_results_20260522_191127.log
2026-05-22 19:12:27,529 : INFO : ========================================
2026-05-22 19:12:27,529 : INFO : STARTING SCENARIO: Enter guest details on booking page
2026-05-22 19:12:27,529 : INFO : Config fetched: browser=edge
2026-05-22 19:12:29,203 : INFO : Config fetched: base_url=https://www.ixigo.com/
2026-05-22 19:12:33,846 : INFO : Browser opened and Ixigo URL loaded
2026-05-22 19:12:43,889 : INFO : Popup not present
2026-05-22 19:12:44,223 : INFO : Ixigo application launched
2026-05-22 19:12:44,228 : INFO : Waiting for element clickable: ('xpath', '/html/body/main/div[1]/div/div[2]/div[2]/div/div/button')
2026-05-22 19:12:44,594 : INFO : Login button clicked
2026-05-22 19:12:44,595 : INFO : Waiting for element clickable: ('xpath', "//input[@placeholder='Enter Mobile Number']")
2026-05-22 19:12:45,367 : INFO : Mobile number entered
2026-05-22 19:12:45,369 : INFO : Waiting for element clickable: ('xpath', "//button[contains(text(),'Continue')]")
2026-05-22 19:12:45,593 : INFO : Continue button clicked
2026-05-22 19:12:45,594 : INFO : Mobile submitted; waiting for OTP screen
2026-05-22 19:12:45,598 : INFO : Waiting up to 20 seconds for manual OTP entry
2026-05-22 19:13:16,354 : INFO : OTP accepted and login overlay closed
2026-05-22 19:13:16,518 : INFO : Screenshot saved at: reports/screenshots/manual_otp_entry_20260522_191316.png
2026-05-22 19:13:16,765 : INFO : Screenshot saved at: reports/screenshots/login_after_manual_otp_20260522_191316.png
2026-05-22 19:13:16,773 : INFO : Waiting for element clickable: ('xpath', "(//a[contains(@href,'hotels')])[2]")
2026-05-22 19:13:18,305 : INFO : Hotels menu clicked
2026-05-22 19:13:18,494 : INFO : Screenshot saved at: reports/screenshots/hotels_page_20260522_191318.png
2026-05-22 19:13:18,505 : INFO : Waiting for element clickable: ('xpath', "//input[@data-testid='location-input-web']")
2026-05-22 19:13:18,937 : INFO : Waiting for element clickable: ('xpath', "(//div[@role='button'])[1]")
2026-05-22 19:13:19,785 : INFO : Jaipur destination selected
2026-05-22 19:13:19,786 : INFO : Waiting for element clickable: ('xpath', "//input[@data-testid='checkin-input']")
2026-05-22 19:13:20,186 : INFO : Check-in field selected
2026-05-22 19:13:20,187 : INFO : Waiting for element clickable: ('xpath', "//button[.//abbr[@aria-label='June 16, 2026']]")
2026-05-22 19:13:20,428 : INFO : Check-in date selected
2026-05-22 19:13:20,429 : INFO : Waiting for element clickable: ('xpath', "//button[.//abbr[@aria-label='June 18, 2026']]")
2026-05-22 19:13:20,636 : INFO : Checkout date selected
2026-05-22 19:13:20,637 : INFO : Waiting for element clickable: ('xpath', "//input[@placeholder='Rooms & Guests']")
2026-05-22 19:13:20,947 : INFO : Rooms and guests selected
2026-05-22 19:13:20,947 : INFO : Waiting for element clickable: ('xpath', "//button[@data-testid='search-hotels']")
2026-05-22 19:13:21,247 : INFO : Search button clicked
2026-05-22 19:13:21,698 : INFO : Screenshot saved at: reports/screenshots/hotel_search_20260522_191321.png
2026-05-22 19:13:21,710 : INFO : Waiting for element clickable: ('xpath', "//div[@data-testid='bpg-home-modal-close']")
2026-05-22 19:13:24,414 : INFO : Hotel popup closed successfully
2026-05-22 19:13:24,418 : INFO : Waiting for element clickable: ('xpath', "//button[contains(text(),'Book Now')][1]")
2026-05-22 19:13:24,815 : INFO : Book now button clicked
2026-05-22 19:13:24,942 : INFO : Switched to booking window
2026-05-22 19:13:25,618 : INFO : Screenshot saved at: reports/screenshots/booking_page_20260522_191324.png
2026-05-22 19:13:25,628 : INFO : Waiting for element present: ('xpath', "//button[@data-testid='reserve-recommended-room']")
2026-05-22 19:13:26,616 : INFO : Reserve room button clicked
2026-05-22 19:13:26,621 : INFO : Waiting for element present: ('name', 'firstName')
2026-05-22 19:13:27,993 : INFO : Guest details entered successfully
2026-05-22 19:13:28,117 : INFO : Screenshot saved at: reports/screenshots/guest_details_20260522_191327.png
2026-05-22 19:13:28,226 : INFO : Scenario status: Status.passed
2026-05-22 19:13:28,227 : INFO : Scenario passed: Enter guest details on booking page
2026-05-22 19:13:31,193 : INFO : Browser closed successfully
2026-05-22 19:13:31,194 : INFO : ========================================
2026-05-22 19:13:31,196 : INFO : Log attached to Allure report: logs/scenarios/Enter_guest_details_on_booking_page_20260522_191227.log
2026-05-22 19:13:31,205 : INFO : ========================================
2026-05-22 19:13:31,205 : INFO : STARTING SCENARIO: Enter card details on payment page
2026-05-22 19:13:31,206 : INFO : Config fetched: browser=edge
2026-05-22 19:13:32,356 : INFO : Config fetched: base_url=https://www.ixigo.com/
2026-05-22 19:13:34,504 : INFO : Browser opened and Ixigo URL loaded
2026-05-22 19:13:44,539 : INFO : Popup not present
2026-05-22 19:13:44,854 : INFO : Ixigo application launched
2026-05-22 19:13:44,863 : INFO : Waiting for element clickable: ('xpath', '/html/body/main/div[1]/div/div[2]/div[2]/div/div/button')
2026-05-22 19:13:45,099 : INFO : Login button clicked
2026-05-22 19:13:45,100 : INFO : Waiting for element clickable: ('xpath', "//input[@placeholder='Enter Mobile Number']")
2026-05-22 19:13:45,812 : INFO : Mobile number entered
2026-05-22 19:13:45,813 : INFO : Waiting for element clickable: ('xpath', "//button[contains(text(),'Continue')]")
2026-05-22 19:13:46,023 : INFO : Continue button clicked
2026-05-22 19:13:46,023 : INFO : Mobile submitted; waiting for OTP screen
2026-05-22 19:13:46,028 : INFO : Waiting up to 20 seconds for manual OTP entry
2026-05-22 19:14:16,806 : INFO : OTP accepted and login overlay closed
2026-05-22 19:14:16,965 : INFO : Screenshot saved at: reports/screenshots/manual_otp_entry_20260522_191416.png
2026-05-22 19:14:17,208 : INFO : Screenshot saved at: reports/screenshots/login_after_manual_otp_20260522_191417.png
2026-05-22 19:14:17,216 : INFO : Waiting for element clickable: ('xpath', "(//a[contains(@href,'hotels')])[2]")
2026-05-22 19:14:18,706 : INFO : Hotels menu clicked
2026-05-22 19:14:18,894 : INFO : Screenshot saved at: reports/screenshots/hotels_page_20260522_191418.png
2026-05-22 19:14:18,903 : INFO : Waiting for element clickable: ('xpath', "//input[@data-testid='location-input-web']")
2026-05-22 19:14:19,324 : INFO : Waiting for element clickable: ('xpath', "(//div[@role='button'])[1]")
2026-05-22 19:14:20,231 : INFO : Jaipur destination selected
2026-05-22 19:14:20,231 : INFO : Waiting for element clickable: ('xpath', "//input[@data-testid='checkin-input']")
2026-05-22 19:14:20,627 : INFO : Check-in field selected
2026-05-22 19:14:20,628 : INFO : Waiting for element clickable: ('xpath', "//button[.//abbr[@aria-label='June 16, 2026']]")
2026-05-22 19:14:20,938 : INFO : Check-in date selected
2026-05-22 19:14:20,939 : INFO : Waiting for element clickable: ('xpath', "//button[.//abbr[@aria-label='June 18, 2026']]")
2026-05-22 19:14:21,261 : INFO : Checkout date selected
2026-05-22 19:14:21,262 : INFO : Waiting for element clickable: ('xpath', "//input[@placeholder='Rooms & Guests']")
2026-05-22 19:14:21,669 : INFO : Rooms and guests selected
2026-05-22 19:14:21,670 : INFO : Waiting for element clickable: ('xpath', "//button[@data-testid='search-hotels']")
2026-05-22 19:14:21,947 : INFO : Search button clicked
2026-05-22 19:14:22,719 : INFO : Screenshot saved at: reports/screenshots/hotel_search_20260522_191421.png
2026-05-22 19:14:22,728 : INFO : Waiting for element clickable: ('xpath', "//div[@data-testid='bpg-home-modal-close']")
2026-05-22 19:14:24,942 : INFO : Hotel popup closed successfully
2026-05-22 19:14:24,947 : INFO : Waiting for element clickable: ('xpath', "//button[contains(text(),'Book Now')][1]")
2026-05-22 19:14:25,399 : INFO : Book now button clicked
2026-05-22 19:14:25,453 : INFO : Switched to booking window
2026-05-22 19:14:26,133 : INFO : Screenshot saved at: reports/screenshots/booking_page_20260522_191425.png
2026-05-22 19:14:26,144 : INFO : Waiting for element present: ('xpath', "//button[@data-testid='reserve-recommended-room']")
2026-05-22 19:14:26,975 : INFO : Reserve room button clicked
2026-05-22 19:14:26,980 : INFO : Waiting for element present: ('name', 'firstName')
2026-05-22 19:14:28,154 : INFO : Guest details entered successfully
2026-05-22 19:14:28,294 : INFO : Screenshot saved at: reports/screenshots/guest_details_20260522_191428.png
2026-05-22 19:14:28,301 : INFO : Waiting for element clickable: ('xpath', "//button[contains(text(),'Pay Now')]")
2026-05-22 19:14:28,516 : INFO : Pay now button clicked
2026-05-22 19:14:28,523 : INFO : Waiting for element clickable: ('id', 'CARD')
2026-05-22 19:14:30,645 : INFO : Payment option selected successfully
2026-05-22 19:14:30,646 : INFO : Waiting for element clickable: ('xpath', "//input[@data-testid='card-number']")
2026-05-22 19:14:31,266 : INFO : Card details entered
2026-05-22 19:14:31,456 : INFO : Screenshot saved at: reports/screenshots/payment_card_details_20260522_191431.png
2026-05-22 19:14:31,655 : INFO : Screenshot saved at: reports/screenshots/payment_details_entered_20260522_191431.png
2026-05-22 19:14:31,661 : INFO : Scenario status: Status.passed
2026-05-22 19:14:31,662 : INFO : Scenario passed: Enter card details on payment page
2026-05-22 19:14:34,503 : INFO : Browser closed successfully
2026-05-22 19:14:34,504 : INFO : ========================================
2026-05-22 19:14:34,507 : INFO : Log attached to Allure report: logs/scenarios/Enter_card_details_on_payment_page_20260522_191331.log
2026-05-22 19:14:34,515 : INFO : ========================================
2026-05-22 19:14:34,515 : INFO : STARTING SCENARIO: Validate invalid card number error
2026-05-22 19:14:34,516 : INFO : Config fetched: browser=edge
2026-05-22 19:14:35,778 : INFO : Config fetched: base_url=https://www.ixigo.com/
2026-05-22 19:14:38,585 : INFO : Browser opened and Ixigo URL loaded
2026-05-22 19:14:48,697 : INFO : Popup not present
2026-05-22 19:14:48,996 : INFO : Ixigo application launched
2026-05-22 19:14:48,999 : INFO : Waiting for element clickable: ('xpath', '/html/body/main/div[1]/div/div[2]/div[2]/div/div/button')
2026-05-22 19:14:49,240 : INFO : Login button clicked
2026-05-22 19:14:49,241 : INFO : Waiting for element clickable: ('xpath', "//input[@placeholder='Enter Mobile Number']")
2026-05-22 19:14:50,020 : INFO : Mobile number entered
2026-05-22 19:14:50,021 : INFO : Waiting for element clickable: ('xpath', "//button[contains(text(),'Continue')]")
2026-05-22 19:14:50,327 : INFO : Continue button clicked
2026-05-22 19:14:50,328 : INFO : Mobile submitted; waiting for OTP screen
2026-05-22 19:14:50,332 : INFO : Waiting up to 20 seconds for manual OTP entry
2026-05-22 19:15:21,303 : INFO : OTP accepted and login overlay closed
2026-05-22 19:15:21,470 : INFO : Screenshot saved at: reports/screenshots/manual_otp_entry_20260522_191521.png
2026-05-22 19:15:21,689 : INFO : Screenshot saved at: reports/screenshots/login_after_manual_otp_20260522_191521.png
2026-05-22 19:15:21,697 : INFO : Waiting for element clickable: ('xpath', "(//a[contains(@href,'hotels')])[2]")
2026-05-22 19:15:24,003 : INFO : Hotels menu clicked
2026-05-22 19:15:24,381 : INFO : Screenshot saved at: reports/screenshots/hotels_page_20260522_191524.png
2026-05-22 19:15:24,390 : INFO : Waiting for element clickable: ('xpath', "//input[@data-testid='location-input-web']")
2026-05-22 19:15:24,856 : INFO : Waiting for element clickable: ('xpath', "(//div[@role='button'])[1]")
2026-05-22 19:15:25,654 : INFO : Jaipur destination selected
2026-05-22 19:15:25,655 : INFO : Waiting for element clickable: ('xpath', "//input[@data-testid='checkin-input']")
2026-05-22 19:15:25,968 : INFO : Check-in field selected
2026-05-22 19:15:25,969 : INFO : Waiting for element clickable: ('xpath', "//button[.//abbr[@aria-label='June 16, 2026']]")
2026-05-22 19:15:26,258 : INFO : Check-in date selected
2026-05-22 19:15:26,259 : INFO : Waiting for element clickable: ('xpath', "//button[.//abbr[@aria-label='June 18, 2026']]")
2026-05-22 19:15:26,536 : INFO : Checkout date selected
2026-05-22 19:15:26,537 : INFO : Waiting for element clickable: ('xpath', "//input[@placeholder='Rooms & Guests']")
2026-05-22 19:15:26,773 : INFO : Rooms and guests selected
2026-05-22 19:15:26,774 : INFO : Waiting for element clickable: ('xpath', "//button[@data-testid='search-hotels']")
2026-05-22 19:15:27,076 : INFO : Search button clicked
2026-05-22 19:15:27,882 : INFO : Screenshot saved at: reports/screenshots/hotel_search_20260522_191527.png
2026-05-22 19:15:27,896 : INFO : Waiting for element clickable: ('xpath', "//div[@data-testid='bpg-home-modal-close']")
2026-05-22 19:15:30,700 : INFO : Hotel popup closed successfully
2026-05-22 19:15:30,704 : INFO : Waiting for element clickable: ('xpath', "//button[contains(text(),'Book Now')][1]")
2026-05-22 19:15:31,043 : INFO : Book now button clicked
2026-05-22 19:15:31,148 : INFO : Switched to booking window
2026-05-22 19:15:31,779 : INFO : Screenshot saved at: reports/screenshots/booking_page_20260522_191531.png
2026-05-22 19:15:31,791 : INFO : Waiting for element present: ('xpath', "//button[@data-testid='reserve-recommended-room']")
2026-05-22 19:15:32,673 : INFO : Reserve room button clicked
2026-05-22 19:15:32,678 : INFO : Waiting for element present: ('name', 'firstName')
2026-05-22 19:15:33,906 : INFO : Guest details entered successfully
2026-05-22 19:15:34,069 : INFO : Screenshot saved at: reports/screenshots/guest_details_20260522_191533.png
2026-05-22 19:15:34,079 : INFO : Waiting for element clickable: ('xpath', "//button[contains(text(),'Pay Now')]")
2026-05-22 19:15:34,306 : INFO : Pay now button clicked
2026-05-22 19:15:34,312 : INFO : Waiting for element clickable: ('id', 'CARD')
2026-05-22 19:15:36,310 : INFO : Payment option selected successfully
2026-05-22 19:15:36,311 : INFO : Waiting for element clickable: ('xpath', "//input[@data-testid='card-number']")
2026-05-22 19:15:36,945 : INFO : Card details entered
2026-05-22 19:15:37,142 : INFO : Screenshot saved at: reports/screenshots/invalid_card_details_20260522_191536.png
2026-05-22 19:15:37,152 : INFO : Waiting for element clickable: ('xpath', "//button[contains(text(),'Securely Pay')]")
2026-05-22 19:15:37,361 : INFO : Securely Pay button clicked
2026-05-22 19:15:37,367 : INFO : Waiting for element visible: ('xpath', "//*[contains(text(),'valid card number')]")
2026-05-22 19:15:37,655 : INFO : Screenshot saved at: reports/screenshots/invalid_card_validation_20260522_191537.png
2026-05-22 19:15:37,660 : INFO : Scenario status: Status.passed
2026-05-22 19:15:37,661 : INFO : Scenario passed: Validate invalid card number error
2026-05-22 19:15:40,467 : INFO : Browser closed successfully
2026-05-22 19:15:40,468 : INFO : ========================================
2026-05-22 19:15:40,470 : INFO : Log attached to Allure report: logs/scenarios/Validate_invalid_card_number_error_20260522_191434.log
2026-05-22 19:15:40,478 : INFO : ========================================
2026-05-22 19:15:40,478 : INFO : STARTING SCENARIO: Validate empty guest details remain blank
2026-05-22 19:15:40,479 : INFO : Config fetched: browser=edge
2026-05-22 19:15:41,612 : INFO : Config fetched: base_url=https://www.ixigo.com/
2026-05-22 19:15:43,569 : INFO : Browser opened and Ixigo URL loaded
2026-05-22 19:15:53,616 : INFO : Popup not present
2026-05-22 19:15:53,929 : INFO : Ixigo application launched
2026-05-22 19:15:53,936 : INFO : Waiting for element clickable: ('xpath', '/html/body/main/div[1]/div/div[2]/div[2]/div/div/button')
2026-05-22 19:15:54,147 : INFO : Login button clicked
2026-05-22 19:15:54,148 : INFO : Waiting for element clickable: ('xpath', "//input[@placeholder='Enter Mobile Number']")
2026-05-22 19:15:54,924 : INFO : Mobile number entered
2026-05-22 19:15:54,925 : INFO : Waiting for element clickable: ('xpath', "//button[contains(text(),'Continue')]")
2026-05-22 19:15:55,291 : INFO : Continue button clicked
2026-05-22 19:15:55,292 : INFO : Mobile submitted; waiting for OTP screen
2026-05-22 19:15:55,298 : INFO : Waiting up to 20 seconds for manual OTP entry
2026-05-22 19:16:36,781 : INFO : OTP accepted and login overlay closed
2026-05-22 19:16:36,929 : INFO : Screenshot saved at: reports/screenshots/manual_otp_entry_20260522_191636.png
2026-05-22 19:16:37,224 : INFO : Screenshot saved at: reports/screenshots/login_after_manual_otp_20260522_191636.png
2026-05-22 19:16:37,233 : INFO : Waiting for element clickable: ('xpath', "(//a[contains(@href,'hotels')])[2]")
2026-05-22 19:16:38,275 : INFO : Hotels menu clicked
2026-05-22 19:16:38,578 : INFO : Screenshot saved at: reports/screenshots/hotels_page_20260522_191638.png
2026-05-22 19:16:38,587 : INFO : Waiting for element clickable: ('xpath', "//input[@data-testid='location-input-web']")
2026-05-22 19:16:39,044 : INFO : Waiting for element clickable: ('xpath', "(//div[@role='button'])[1]")
2026-05-22 19:16:39,804 : INFO : Jaipur destination selected
2026-05-22 19:16:39,804 : INFO : Waiting for element clickable: ('xpath', "//input[@data-testid='checkin-input']")
2026-05-22 19:16:40,112 : INFO : Check-in field selected
2026-05-22 19:16:40,113 : INFO : Waiting for element clickable: ('xpath', "//button[.//abbr[@aria-label='June 16, 2026']]")
2026-05-22 19:16:40,463 : INFO : Check-in date selected
2026-05-22 19:16:40,464 : INFO : Waiting for element clickable: ('xpath', "//button[.//abbr[@aria-label='June 18, 2026']]")
2026-05-22 19:16:40,798 : INFO : Checkout date selected
2026-05-22 19:16:40,799 : INFO : Waiting for element clickable: ('xpath', "//input[@placeholder='Rooms & Guests']")
2026-05-22 19:16:41,127 : INFO : Rooms and guests selected
2026-05-22 19:16:41,128 : INFO : Waiting for element clickable: ('xpath', "//button[@data-testid='search-hotels']")
2026-05-22 19:16:41,439 : INFO : Search button clicked
2026-05-22 19:16:42,169 : INFO : Screenshot saved at: reports/screenshots/hotel_search_20260522_191641.png
2026-05-22 19:16:42,265 : INFO : Waiting for element clickable: ('xpath', "//div[@data-testid='bpg-home-modal-close']")
2026-05-22 19:16:44,320 : INFO : Hotel popup closed successfully
2026-05-22 19:16:44,324 : INFO : Waiting for element clickable: ('xpath', "//button[contains(text(),'Book Now')][1]")
2026-05-22 19:16:45,676 : INFO : Book now button clicked
2026-05-22 19:16:45,728 : INFO : Switched to booking window
2026-05-22 19:16:46,464 : INFO : Screenshot saved at: reports/screenshots/booking_page_20260522_191645.png
2026-05-22 19:16:46,475 : INFO : Waiting for element present: ('xpath', "//button[@data-testid='reserve-recommended-room']")
2026-05-22 19:16:47,343 : INFO : Reserve room button clicked
2026-05-22 19:16:47,349 : INFO : Waiting for element present: ('name', 'firstName')
2026-05-22 19:16:48,587 : INFO : Guest details entered successfully
2026-05-22 19:16:48,746 : INFO : Screenshot saved at: reports/screenshots/empty_guest_details_20260522_191648.png
2026-05-22 19:16:48,878 : INFO : Scenario status: Status.passed
2026-05-22 19:16:48,879 : INFO : Scenario passed: Validate empty guest details remain blank
2026-05-22 19:16:51,843 : INFO : Browser closed successfully
2026-05-22 19:16:51,843 : INFO : ========================================
2026-05-22 19:16:51,846 : INFO : Log attached to Allure report: logs/scenarios/Validate_empty_guest_details_remain_blank_20260522_191540.log
2026-05-22 19:16:51,858 : INFO : Tests completed. Generating Allure report.
2026-05-22 19:16:55,113 : INFO : Allure report generated successfully.
2026-05-22 19:16:55,113 : INFO : Opening Allure report.
